<?xml version="1.0" encoding="UTF-8"?>
<!-- Generated by org.testng.reporters.JUnitReportReporter -->
<testsuite skipped="0" hostname="DESKTOP-8M29N07" name="com.qa.testscripts.Support" tests="1" failures="0" timestamp="2021-09-17T17:11:01 IST" time="15.636" errors="0">
  <testcase name="supportTest" time="15.636" classname="com.qa.testscripts.Support"/>
  <system-out/>
</testsuite> <!-- com.qa.testscripts.Support -->
