<?xml version="1.0" encoding="UTF-8"?>
<!-- Generated by org.testng.reporters.JUnitReportReporter -->
<testsuite skipped="0" hostname="DESKTOP-8M29N07" name="com.qa.testscripts.OrderProduct" tests="1" failures="0" timestamp="2021-09-17T15:07:04 IST" time="84.020" errors="0">
  <testcase name="buy" time="84.020" classname="com.qa.testscripts.OrderProduct"/>
  <system-out/>
</testsuite> <!-- com.qa.testscripts.OrderProduct -->
