<?xml version="1.0" encoding="UTF-8"?>
<!-- Generated by org.testng.reporters.JUnitReportReporter -->
<testsuite skipped="0" hostname="DESKTOP-8M29N07" name="com.qa.testscripts.Search_Test" tests="2" failures="0" timestamp="2021-09-17T16:50:44 IST" time="17.473" errors="0">
  <testcase name="searchTest" time="8.985" classname="com.qa.testscripts.Search_Test"/>
  <system-out>
 Printed Chiffon Dress Faded Short Sleeve T-shirts Blouse Printed Summer Dress Printed Dress Printed Summer Dress Printed Dress Printed Chiffon Dress Printed Summer Dress Printed Dress Printed Summer Dress Printed Chiffon Dress Printed Dress Faded Short Sleeve T-shirts Blouse  </system-out>
  <testcase name="searchTest" time="8.488" classname="com.qa.testscripts.Search_Test"/>
  <system-out>
 Printed Chiffon Dress Faded Short Sleeve T-shirts Blouse Printed Summer Dress Printed Dress Printed Summer Dress Printed Dress Printed Summer Dress Faded Short Sleeve T-shirts  </system-out>
</testsuite> <!-- com.qa.testscripts.Search_Test -->
